TN:
SF:middlewares\AuthMiddleware.js
FN:3,(anonymous_0)
FNF:1
FNH:1
FNDA:5,(anonymous_0)
DA:1,1
DA:3,1
DA:4,5
DA:5,5
DA:6,2
DA:7,2
DA:8,1
DA:9,1
DA:10,1
DA:13,1
DA:17,1
LF:11
LH:11
BRDA:5,0,0,3
BRDA:5,0,1,2
BRDA:9,1,0,1
BRDA:9,1,1,0
BRF:4
BRH:3
end_of_record
TN:
SF:routes\Comments.js
FN:6,(anonymous_0)
FN:12,(anonymous_1)
FN:20,(anonymous_2)
FNF:3
FNH:3
FNDA:2,(anonymous_0)
FNDA:2,(anonymous_1)
FNDA:2,(anonymous_2)
DA:1,1
DA:2,1
DA:3,1
DA:4,1
DA:6,1
DA:7,2
DA:8,2
DA:9,2
DA:12,1
DA:13,2
DA:14,2
DA:15,2
DA:16,2
DA:17,2
DA:20,1
DA:21,2
DA:23,2
DA:29,2
DA:32,1
LF:19
LH:19
BRF:0
BRH:0
end_of_record
TN:
SF:routes\Likes.js
FN:6,(anonymous_0)
FNF:1
FNH:1
FNDA:3,(anonymous_0)
DA:1,1
DA:2,1
DA:3,1
DA:4,1
DA:6,1
DA:7,3
DA:8,3
DA:10,3
DA:11,3
DA:12,2
DA:13,2
DA:15,1
DA:16,1
DA:21,1
LF:14
LH:14
BRDA:11,0,0,2
BRDA:11,0,1,1
BRF:2
BRH:2
end_of_record
TN:
SF:routes\Posts.js
FN:6,(anonymous_0)
FN:13,(anonymous_1)
FN:19,(anonymous_2)
FN:25,(anonymous_3)
FN:33,(anonymous_4)
FN:43,(anonymous_5)
FN:53,(anonymous_6)
FNF:7
FNH:7
FNDA:1,(anonymous_0)
FNDA:1,(anonymous_1)
FNDA:1,(anonymous_2)
FNDA:1,(anonymous_3)
FNDA:1,(anonymous_4)
FNDA:1,(anonymous_5)
FNDA:1,(anonymous_6)
DA:1,1
DA:2,1
DA:3,1
DA:4,1
DA:6,1
DA:7,1
DA:8,1
DA:10,1
DA:13,1
DA:14,1
DA:15,1
DA:16,1
DA:19,1
DA:20,1
DA:21,1
DA:22,1
DA:25,1
DA:26,1
DA:27,1
DA:28,1
DA:29,1
DA:30,1
DA:33,1
DA:34,1
DA:35,1
DA:40,1
DA:43,1
DA:44,1
DA:45,1
DA:50,1
DA:53,1
DA:54,1
DA:55,1
DA:60,1
DA:64,1
LF:35
LH:35
BRF:0
BRH:0
end_of_record
TN:
SF:routes\Users.js
FN:9,(anonymous_0)
FN:11,(anonymous_1)
FN:20,(anonymous_2)
FN:26,(anonymous_3)
FN:33,(anonymous_4)
FN:37,(anonymous_5)
FN:45,(anonymous_6)
FNF:7
FNH:7
FNDA:1,(anonymous_0)
FNDA:1,(anonymous_1)
FNDA:3,(anonymous_2)
FNDA:2,(anonymous_3)
FNDA:1,(anonymous_4)
FNDA:1,(anonymous_5)
FNDA:2,(anonymous_6)
DA:1,1
DA:2,1
DA:3,1
DA:4,1
DA:5,1
DA:6,1
DA:9,1
DA:10,1
DA:11,1
DA:12,1
DA:13,0
DA:15,1
DA:17,1
DA:20,1
DA:21,3
DA:22,3
DA:24,3
DA:26,2
DA:27,2
DA:28,1
DA:29,1
DA:33,1
DA:34,1
DA:37,1
DA:38,1
DA:39,1
DA:42,1
DA:45,1
DA:46,2
DA:47,2
DA:49,2
DA:50,2
DA:52,2
DA:53,1
DA:56,1
DA:57,1
DA:58,1
DA:60,0
DA:61,0
DA:65,1
LF:40
LH:37
BRDA:12,0,0,0
BRDA:12,0,1,1
BRDA:24,1,0,1
BRDA:24,1,1,2
BRDA:27,2,0,1
BRDA:27,2,1,1
BRDA:52,3,0,1
BRDA:52,3,1,1
BRF:8
BRH:7
end_of_record
